<?xml version="1.0" encoding="UTF-8"?>
<testng-results skipped="0" failed="1" total="2" passed="1">
  <reporter-output>
  </reporter-output>
  <suite name="smoke-test-suite" duration-ms="25555" started-at="2015-03-06T00:52:49Z" finished-at="2015-03-06T00:53:14Z">
    <groups>
    </groups>
    <test name="StaticTest" duration-ms="25555" started-at="2015-03-06T00:52:49Z" finished-at="2015-03-06T00:53:14Z">
      <class name="com.booj.base.StaticTest">
        <test-method status="PASS" signature="setupBeforeTestMethod()[pri:0, instance:com.booj.base.StaticTest@3dd3bcd]" name="setupBeforeTestMethod" is-config="true" duration-ms="3505" started-at="2015-03-05T17:52:49Z" finished-at="2015-03-05T17:52:53Z">
          <reporter-output>
          </reporter-output>
        </test-method> <!-- setupBeforeTestMethod -->
        <test-method status="FAIL" signature="test_Account_Login_Page_Appear_Correct_Fail()[pri:0, instance:com.booj.base.StaticTest@3dd3bcd]" name="test_Account_Login_Page_Appear_Correct_Fail" duration-ms="9216" started-at="2015-03-05T17:52:53Z" finished-at="2015-03-05T17:53:02Z">
          <exception class="java.lang.AssertionError">
            <message>
              <![CDATA[expected [true] but found [false]]]>
            </message>
            <full-stacktrace>
              <![CDATA[java.lang.AssertionError: expected [true] but found [false]
	at org.testng.Assert.fail(Assert.java:94)
	at org.testng.Assert.failNotEquals(Assert.java:494)
	at org.testng.Assert.assertTrue(Assert.java:42)
	at org.testng.Assert.assertTrue(Assert.java:52)
	at com.booj.base.StaticTest.test_Account_Login_Page_Appear_Correct_Fail(StaticTest.java:24)
	at sun.reflect.NativeMethodAccessorImpl.invoke0(Native Method)
	at sun.reflect.NativeMethodAccessorImpl.invoke(NativeMethodAccessorImpl.java:62)
	at sun.reflect.DelegatingMethodAccessorImpl.invoke(DelegatingMethodAccessorImpl.java:43)
	at java.lang.reflect.Method.invoke(Method.java:483)
	at org.testng.internal.MethodInvocationHelper.invokeMethod(MethodInvocationHelper.java:85)
	at org.testng.internal.Invoker.invokeMethod(Invoker.java:696)
	at org.testng.internal.Invoker.invokeTestMethod(Invoker.java:882)
	at org.testng.internal.Invoker.invokeTestMethods(Invoker.java:1189)
	at org.testng.internal.TestMethodWorker.invokeTestMethods(TestMethodWorker.java:124)
	at org.testng.internal.TestMethodWorker.run(TestMethodWorker.java:108)
	at org.testng.TestRunner.privateRun(TestRunner.java:767)
	at org.testng.TestRunner.run(TestRunner.java:617)
	at org.testng.SuiteRunner.runTest(SuiteRunner.java:348)
	at org.testng.SuiteRunner.access$000(SuiteRunner.java:38)
	at org.testng.SuiteRunner$SuiteWorker.run(SuiteRunner.java:382)
	at org.testng.internal.thread.ThreadUtil$2.call(ThreadUtil.java:64)
	at java.util.concurrent.FutureTask.run(FutureTask.java:266)
	at java.util.concurrent.ThreadPoolExecutor.runWorker(ThreadPoolExecutor.java:1142)
	at java.util.concurrent.ThreadPoolExecutor$Worker.run(ThreadPoolExecutor.java:617)
	at java.lang.Thread.run(Thread.java:745)
]]>
            </full-stacktrace>
          </exception> <!-- java.lang.AssertionError -->
          <reporter-output>
          </reporter-output>
        </test-method> <!-- test_Account_Login_Page_Appear_Correct_Fail -->
        <test-method status="PASS" signature="tearDownAfterTestMethod()[pri:0, instance:com.booj.base.StaticTest@3dd3bcd]" name="tearDownAfterTestMethod" is-config="true" duration-ms="340" started-at="2015-03-05T17:53:04Z" finished-at="2015-03-05T17:53:04Z">
          <reporter-output>
          </reporter-output>
        </test-method> <!-- tearDownAfterTestMethod -->
        <test-method status="PASS" signature="setupBeforeTestMethod()[pri:0, instance:com.booj.base.StaticTest@3dd3bcd]" name="setupBeforeTestMethod" is-config="true" duration-ms="2762" started-at="2015-03-05T17:53:04Z" finished-at="2015-03-05T17:53:07Z">
          <reporter-output>
          </reporter-output>
        </test-method> <!-- setupBeforeTestMethod -->
        <test-method status="PASS" signature="test_Account_Login_Page_Appear_Correct_Pass()[pri:0, instance:com.booj.base.StaticTest@3dd3bcd]" name="test_Account_Login_Page_Appear_Correct_Pass" duration-ms="7360" started-at="2015-03-05T17:53:07Z" finished-at="2015-03-05T17:53:14Z">
          <reporter-output>
          </reporter-output>
        </test-method> <!-- test_Account_Login_Page_Appear_Correct_Pass -->
        <test-method status="PASS" signature="tearDownAfterTestMethod()[pri:0, instance:com.booj.base.StaticTest@3dd3bcd]" name="tearDownAfterTestMethod" is-config="true" duration-ms="409" started-at="2015-03-05T17:53:14Z" finished-at="2015-03-05T17:53:14Z">
          <reporter-output>
          </reporter-output>
        </test-method> <!-- tearDownAfterTestMethod -->
        <test-method status="PASS" signature="tearDown()[pri:0, instance:com.booj.base.StaticTest@3dd3bcd]" name="tearDown" is-config="true" duration-ms="2015" started-at="2015-03-05T17:53:15Z" finished-at="2015-03-05T17:53:17Z">
          <reporter-output>
          </reporter-output>
        </test-method> <!-- tearDown -->
      </class> <!-- com.booj.base.StaticTest -->
    </test> <!-- StaticTest -->
  </suite> <!-- smoke-test-suite -->
</testng-results>
