-------------------------------------------------------------------------------
Test set: TestSuite
-------------------------------------------------------------------------------
Tests run: 2, Failures: 1, Errors: 0, Skipped: 0, Time elapsed: 28.839 sec <<< FAILURE! - in TestSuite
test_Account_Login_Page_Appear_Correct_Fail(com.booj.base.StaticTest)  Time elapsed: 11.012 sec  <<< FAILURE!
java.lang.AssertionError: expected [true] but found [false]
	at org.testng.Assert.fail(Assert.java:94)
	at org.testng.Assert.failNotEquals(Assert.java:494)
	at org.testng.Assert.assertTrue(Assert.java:42)
	at org.testng.Assert.assertTrue(Assert.java:52)
	at com.booj.base.StaticTest.test_Account_Login_Page_Appear_Correct_Fail(StaticTest.java:24)

